1720878665.482207 client started (4172): version 3.4, socket /private/tmp/tmux-501/default, protocol 8
1720878665.482277 on Darwin 23.5.0 Darwin Kernel Version 23.5.0: Wed May  1 20:13:18 PDT 2024; root:xnu-10063.121.3~5/RELEASE_ARM64_T6030
1720878665.482290 using libevent 2.1.12-stable select
1720878665.482317 using utf8proc 2.9.0
1720878665.482325 using ncurses 6.5 20240427
1720878665.482346 flags are 0x18010000
1720878665.482353 socket is /private/tmp/tmux-501/default
1720878665.482369 trying connect
1720878665.482390 connect failed: No such file or directory
1720878665.482408 lock file is /private/tmp/tmux-501/default.lock
1720878665.482489 flock succeeded
1720878665.482496 got lock (6)
1720878665.482504 trying connect
1720878665.482513 connect failed: No such file or directory
1720878665.482866 add peer 0x148048000: 7 (0x0)
1720878665.484904 sending message 100 to peer 0x148048000 (4 bytes)
1720878665.484918 sending message 111 to peer 0x148048000 (8 bytes)
1720878665.484925 sending message 101 to peer 0x148048000 (15 bytes)
1720878665.484932 sending message 109 to peer 0x148048000 (4 bytes)
1720878665.484940 sending message 102 to peer 0x148048000 (13 bytes)
1720878665.484947 sending message 108 to peer 0x148048000 (44 bytes)
1720878665.484953 sending message 112 to peer 0x148048000 (58 bytes)
1720878665.484960 sending message 112 to peer 0x148048000 (5 bytes)
1720878665.484967 sending message 112 to peer 0x148048000 (5 bytes)
1720878665.484974 sending message 112 to peer 0x148048000 (6 bytes)
1720878665.484983 sending message 112 to peer 0x148048000 (6 bytes)
1720878665.484989 sending message 112 to peer 0x148048000 (11 bytes)
1720878665.484996 sending message 112 to peer 0x148048000 (10 bytes)
1720878665.485003 sending message 112 to peer 0x148048000 (13 bytes)
1720878665.485009 sending message 112 to peer 0x148048000 (14 bytes)
1720878665.485015 sending message 112 to peer 0x148048000 (19 bytes)
1720878665.485022 sending message 112 to peer 0x148048000 (11 bytes)
1720878665.485029 sending message 112 to peer 0x148048000 (10 bytes)
1720878665.485033 sending message 112 to peer 0x148048000 (15 bytes)
1720878665.485038 sending message 112 to peer 0x148048000 (21 bytes)
1720878665.485043 sending message 112 to peer 0x148048000 (13 bytes)
1720878665.485048 sending message 112 to peer 0x148048000 (7 bytes)
1720878665.485055 sending message 112 to peer 0x148048000 (13 bytes)
1720878665.485060 sending message 112 to peer 0x148048000 (7 bytes)
1720878665.485067 sending message 112 to peer 0x148048000 (13 bytes)
1720878665.485074 sending message 112 to peer 0x148048000 (9 bytes)
1720878665.485080 sending message 112 to peer 0x148048000 (21 bytes)
1720878665.485087 sending message 112 to peer 0x148048000 (13 bytes)
1720878665.485093 sending message 112 to peer 0x148048000 (9 bytes)
1720878665.485100 sending message 112 to peer 0x148048000 (16 bytes)
1720878665.485109 sending message 112 to peer 0x148048000 (13 bytes)
1720878665.485115 sending message 112 to peer 0x148048000 (9 bytes)
1720878665.485120 sending message 112 to peer 0x148048000 (9 bytes)
1720878665.485125 sending message 112 to peer 0x148048000 (12 bytes)
1720878665.485130 sending message 112 to peer 0x148048000 (8 bytes)
1720878665.485135 sending message 112 to peer 0x148048000 (8 bytes)
1720878665.485141 sending message 112 to peer 0x148048000 (13 bytes)
1720878665.485146 sending message 112 to peer 0x148048000 (7 bytes)
1720878665.485151 sending message 112 to peer 0x148048000 (7 bytes)
1720878665.485156 sending message 112 to peer 0x148048000 (9 bytes)
1720878665.485161 sending message 112 to peer 0x148048000 (9 bytes)
1720878665.485167 sending message 112 to peer 0x148048000 (15 bytes)
1720878665.485173 sending message 112 to peer 0x148048000 (13 bytes)
1720878665.485180 sending message 112 to peer 0x148048000 (12 bytes)
1720878665.485186 sending message 112 to peer 0x148048000 (8 bytes)
1720878665.485192 sending message 112 to peer 0x148048000 (14 bytes)
1720878665.485198 sending message 112 to peer 0x148048000 (11 bytes)
1720878665.485206 sending message 112 to peer 0x148048000 (9 bytes)
1720878665.485224 sending message 112 to peer 0x148048000 (10 bytes)
1720878665.485229 sending message 112 to peer 0x148048000 (10 bytes)
1720878665.485234 sending message 112 to peer 0x148048000 (10 bytes)
1720878665.485239 sending message 112 to peer 0x148048000 (10 bytes)
1720878665.485244 sending message 112 to peer 0x148048000 (11 bytes)
1720878665.485249 sending message 112 to peer 0x148048000 (12 bytes)
1720878665.485255 sending message 112 to peer 0x148048000 (12 bytes)
1720878665.485260 sending message 112 to peer 0x148048000 (12 bytes)
1720878665.485265 sending message 112 to peer 0x148048000 (12 bytes)
1720878665.485271 sending message 112 to peer 0x148048000 (12 bytes)
1720878665.485276 sending message 112 to peer 0x148048000 (11 bytes)
1720878665.485282 sending message 112 to peer 0x148048000 (11 bytes)
1720878665.485288 sending message 112 to peer 0x148048000 (12 bytes)
1720878665.485293 sending message 112 to peer 0x148048000 (12 bytes)
1720878665.485297 sending message 112 to peer 0x148048000 (12 bytes)
1720878665.485302 sending message 112 to peer 0x148048000 (12 bytes)
1720878665.485307 sending message 112 to peer 0x148048000 (12 bytes)
1720878665.485310 sending message 112 to peer 0x148048000 (9 bytes)
1720878665.485314 sending message 112 to peer 0x148048000 (12 bytes)
1720878665.485318 sending message 112 to peer 0x148048000 (13 bytes)
1720878665.485322 sending message 112 to peer 0x148048000 (13 bytes)
1720878665.485327 sending message 112 to peer 0x148048000 (13 bytes)
1720878665.485331 sending message 112 to peer 0x148048000 (13 bytes)
1720878665.485336 sending message 112 to peer 0x148048000 (13 bytes)
1720878665.485341 sending message 112 to peer 0x148048000 (8 bytes)
1720878665.485346 sending message 112 to peer 0x148048000 (11 bytes)
1720878665.485351 sending message 112 to peer 0x148048000 (11 bytes)
1720878665.485354 sending message 112 to peer 0x148048000 (11 bytes)
1720878665.485359 sending message 112 to peer 0x148048000 (12 bytes)
1720878665.485364 sending message 112 to peer 0x148048000 (12 bytes)
1720878665.485369 sending message 112 to peer 0x148048000 (12 bytes)
1720878665.485374 sending message 112 to peer 0x148048000 (12 bytes)
1720878665.485379 sending message 112 to peer 0x148048000 (13 bytes)
1720878665.485384 sending message 112 to peer 0x148048000 (13 bytes)
1720878665.485389 sending message 112 to peer 0x148048000 (13 bytes)
1720878665.485393 sending message 112 to peer 0x148048000 (8 bytes)
1720878665.485398 sending message 112 to peer 0x148048000 (13 bytes)
1720878665.485403 sending message 112 to peer 0x148048000 (13 bytes)
1720878665.485408 sending message 112 to peer 0x148048000 (13 bytes)
1720878665.485412 sending message 112 to peer 0x148048000 (13 bytes)
1720878665.485417 sending message 112 to peer 0x148048000 (13 bytes)
1720878665.485422 sending message 112 to peer 0x148048000 (12 bytes)
1720878665.485426 sending message 112 to peer 0x148048000 (12 bytes)
1720878665.485431 sending message 112 to peer 0x148048000 (12 bytes)
1720878665.485435 sending message 112 to peer 0x148048000 (12 bytes)
1720878665.485440 sending message 112 to peer 0x148048000 (13 bytes)
1720878665.485445 sending message 112 to peer 0x148048000 (8 bytes)
1720878665.485451 sending message 112 to peer 0x148048000 (13 bytes)
1720878665.485457 sending message 112 to peer 0x148048000 (13 bytes)
1720878665.485462 sending message 112 to peer 0x148048000 (13 bytes)
1720878665.485466 sending message 112 to peer 0x148048000 (13 bytes)
1720878665.485469 sending message 112 to peer 0x148048000 (13 bytes)
1720878665.485474 sending message 112 to peer 0x148048000 (13 bytes)
1720878665.485478 sending message 112 to peer 0x148048000 (13 bytes)
1720878665.485483 sending message 112 to peer 0x148048000 (12 bytes)
1720878665.485488 sending message 112 to peer 0x148048000 (12 bytes)
1720878665.485494 sending message 112 to peer 0x148048000 (12 bytes)
1720878665.485499 sending message 112 to peer 0x148048000 (8 bytes)
1720878665.485504 sending message 112 to peer 0x148048000 (12 bytes)
1720878665.485524 sending message 112 to peer 0x148048000 (13 bytes)
1720878665.485527 sending message 112 to peer 0x148048000 (13 bytes)
1720878665.485532 sending message 112 to peer 0x148048000 (13 bytes)
1720878665.485537 sending message 112 to peer 0x148048000 (13 bytes)
1720878665.485542 sending message 112 to peer 0x148048000 (13 bytes)
1720878665.485547 sending message 112 to peer 0x148048000 (13 bytes)
1720878665.485553 sending message 112 to peer 0x148048000 (13 bytes)
1720878665.485559 sending message 112 to peer 0x148048000 (13 bytes)
1720878665.485564 sending message 112 to peer 0x148048000 (12 bytes)
1720878665.485570 sending message 112 to peer 0x148048000 (10 bytes)
1720878665.485575 sending message 112 to peer 0x148048000 (12 bytes)
1720878665.485580 sending message 112 to peer 0x148048000 (12 bytes)
1720878665.485585 sending message 112 to peer 0x148048000 (12 bytes)
1720878665.485590 sending message 112 to peer 0x148048000 (13 bytes)
1720878665.485595 sending message 112 to peer 0x148048000 (13 bytes)
1720878665.485600 sending message 112 to peer 0x148048000 (13 bytes)
1720878665.485604 sending message 112 to peer 0x148048000 (13 bytes)
1720878665.485609 sending message 112 to peer 0x148048000 (13 bytes)
1720878665.485613 sending message 112 to peer 0x148048000 (13 bytes)
1720878665.485618 sending message 112 to peer 0x148048000 (13 bytes)
1720878665.485623 sending message 112 to peer 0x148048000 (10 bytes)
1720878665.485628 sending message 112 to peer 0x148048000 (13 bytes)
1720878665.485635 sending message 112 to peer 0x148048000 (12 bytes)
1720878665.485639 sending message 112 to peer 0x148048000 (12 bytes)
1720878665.485643 sending message 112 to peer 0x148048000 (12 bytes)
1720878665.485646 sending message 112 to peer 0x148048000 (10 bytes)
1720878665.485651 sending message 112 to peer 0x148048000 (10 bytes)
1720878665.485655 sending message 112 to peer 0x148048000 (10 bytes)
1720878665.485659 sending message 112 to peer 0x148048000 (12 bytes)
1720878665.485666 sending message 112 to peer 0x148048000 (13 bytes)
1720878665.485671 sending message 112 to peer 0x148048000 (13 bytes)
1720878665.485676 sending message 112 to peer 0x148048000 (13 bytes)
1720878665.485681 sending message 112 to peer 0x148048000 (13 bytes)
1720878665.485685 sending message 112 to peer 0x148048000 (13 bytes)
1720878665.485690 sending message 112 to peer 0x148048000 (10 bytes)
1720878665.485695 sending message 112 to peer 0x148048000 (11 bytes)
1720878665.485701 sending message 112 to peer 0x148048000 (12 bytes)
1720878665.485706 sending message 112 to peer 0x148048000 (12 bytes)
1720878665.485711 sending message 112 to peer 0x148048000 (12 bytes)
1720878665.485716 sending message 112 to peer 0x148048000 (12 bytes)
1720878665.485720 sending message 112 to peer 0x148048000 (12 bytes)
1720878665.485727 sending message 112 to peer 0x148048000 (11 bytes)
1720878665.485732 sending message 112 to peer 0x148048000 (12 bytes)
1720878665.485739 sending message 112 to peer 0x148048000 (12 bytes)
1720878665.485744 sending message 112 to peer 0x148048000 (13 bytes)
1720878665.485750 sending message 112 to peer 0x148048000 (13 bytes)
1720878665.485755 sending message 112 to peer 0x148048000 (13 bytes)
1720878665.485759 sending message 112 to peer 0x148048000 (13 bytes)
1720878665.485765 sending message 112 to peer 0x148048000 (13 bytes)
1720878665.485772 sending message 112 to peer 0x148048000 (10 bytes)
1720878665.485777 sending message 112 to peer 0x148048000 (9 bytes)
1720878665.485784 sending message 112 to peer 0x148048000 (12 bytes)
1720878665.485791 sending message 112 to peer 0x148048000 (13 bytes)
1720878665.485797 sending message 112 to peer 0x148048000 (13 bytes)
1720878665.485802 sending message 112 to peer 0x148048000 (13 bytes)
1720878665.485807 sending message 112 to peer 0x148048000 (13 bytes)
1720878665.485812 sending message 112 to peer 0x148048000 (13 bytes)
1720878665.485817 sending message 112 to peer 0x148048000 (9 bytes)
1720878665.485822 sending message 112 to peer 0x148048000 (12 bytes)
1720878665.485827 sending message 112 to peer 0x148048000 (13 bytes)
1720878665.485840 sending message 112 to peer 0x148048000 (13 bytes)
1720878665.485846 sending message 112 to peer 0x148048000 (13 bytes)
1720878665.485851 sending message 112 to peer 0x148048000 (13 bytes)
1720878665.485857 sending message 112 to peer 0x148048000 (13 bytes)
1720878665.485864 sending message 112 to peer 0x148048000 (11 bytes)
1720878665.485872 sending message 112 to peer 0x148048000 (12 bytes)
1720878665.485879 sending message 112 to peer 0x148048000 (13 bytes)
1720878665.485884 sending message 112 to peer 0x148048000 (13 bytes)
1720878665.485889 sending message 112 to peer 0x148048000 (13 bytes)
1720878665.485895 sending message 112 to peer 0x148048000 (13 bytes)
1720878665.485900 sending message 112 to peer 0x148048000 (13 bytes)
1720878665.485906 sending message 112 to peer 0x148048000 (11 bytes)
1720878665.485911 sending message 112 to peer 0x148048000 (12 bytes)
1720878665.485917 sending message 112 to peer 0x148048000 (12 bytes)
1720878665.485923 sending message 112 to peer 0x148048000 (12 bytes)
1720878665.485928 sending message 112 to peer 0x148048000 (12 bytes)
1720878665.485933 sending message 112 to peer 0x148048000 (12 bytes)
1720878665.485938 sending message 112 to peer 0x148048000 (21 bytes)
1720878665.485943 sending message 112 to peer 0x148048000 (12 bytes)
1720878665.485949 sending message 112 to peer 0x148048000 (9 bytes)
1720878665.485954 sending message 112 to peer 0x148048000 (6 bytes)
1720878665.485959 sending message 112 to peer 0x148048000 (13 bytes)
1720878665.485965 sending message 112 to peer 0x148048000 (10 bytes)
1720878665.485970 sending message 112 to peer 0x148048000 (15 bytes)
1720878665.485975 sending message 112 to peer 0x148048000 (13 bytes)
1720878665.485979 sending message 112 to peer 0x148048000 (9 bytes)
1720878665.485984 sending message 112 to peer 0x148048000 (70 bytes)
1720878665.485989 sending message 112 to peer 0x148048000 (69 bytes)
1720878665.485995 sending message 112 to peer 0x148048000 (73 bytes)
1720878665.486000 sending message 112 to peer 0x148048000 (12 bytes)
1720878665.486005 sending message 112 to peer 0x148048000 (10 bytes)
1720878665.486010 sending message 112 to peer 0x148048000 (10 bytes)
1720878665.486015 sending message 112 to peer 0x148048000 (15 bytes)
1720878665.486020 sending message 112 to peer 0x148048000 (13 bytes)
1720878665.486025 sending message 112 to peer 0x148048000 (10 bytes)
1720878665.486029 sending message 112 to peer 0x148048000 (10 bytes)
1720878665.486034 sending message 112 to peer 0x148048000 (17 bytes)
1720878665.486040 sending message 112 to peer 0x148048000 (13 bytes)
1720878665.486046 sending message 112 to peer 0x148048000 (15 bytes)
1720878665.486052 sending message 112 to peer 0x148048000 (5 bytes)
1720878665.486059 sending message 104 to peer 0x148048000 (0 bytes)
1720878665.486064 sending message 110 to peer 0x148048000 (0 bytes)
1720878665.486069 sending message 107 to peer 0x148048000 (4 bytes)
1720878665.486076 sending message 105 to peer 0x148048000 (60 bytes)
1720878665.486081 sending message 105 to peer 0x148048000 (66 bytes)
1720878665.486085 sending message 105 to peer 0x148048000 (26 bytes)
1720878665.486090 sending message 105 to peer 0x148048000 (15 bytes)
1720878665.486095 sending message 105 to peer 0x148048000 (22 bytes)
1720878665.486099 sending message 105 to peer 0x148048000 (14 bytes)
1720878665.486103 sending message 105 to peer 0x148048000 (17 bytes)
1720878665.486108 sending message 105 to peer 0x148048000 (48 bytes)
1720878665.486114 sending message 105 to peer 0x148048000 (15 bytes)
1720878665.486119 sending message 105 to peer 0x148048000 (43 bytes)
1720878665.486125 sending message 105 to peer 0x148048000 (42 bytes)
1720878665.486131 sending message 105 to peer 0x148048000 (27 bytes)
1720878665.486136 sending message 105 to peer 0x148048000 (23 bytes)
1720878665.486140 sending message 105 to peer 0x148048000 (394 bytes)
1720878665.486145 sending message 105 to peer 0x148048000 (19 bytes)
1720878665.486150 sending message 105 to peer 0x148048000 (20 bytes)
1720878665.486163 sending message 105 to peer 0x148048000 (22 bytes)
1720878665.486168 sending message 105 to peer 0x148048000 (20 bytes)
1720878665.486173 sending message 105 to peer 0x148048000 (86 bytes)
1720878665.486178 sending message 105 to peer 0x148048000 (22 bytes)
1720878665.486182 sending message 105 to peer 0x148048000 (57 bytes)
1720878665.486187 sending message 105 to peer 0x148048000 (15 bytes)
1720878665.486192 sending message 105 to peer 0x148048000 (19 bytes)
1720878665.486198 sending message 105 to peer 0x148048000 (18 bytes)
1720878665.486202 sending message 105 to peer 0x148048000 (61 bytes)
1720878665.486208 sending message 105 to peer 0x148048000 (32 bytes)
1720878665.486213 sending message 105 to peer 0x148048000 (8 bytes)
1720878665.486218 sending message 105 to peer 0x148048000 (32 bytes)
1720878665.486223 sending message 105 to peer 0x148048000 (30 bytes)
1720878665.486229 sending message 105 to peer 0x148048000 (37 bytes)
1720878665.486235 sending message 105 to peer 0x148048000 (34 bytes)
1720878665.486238 sending message 105 to peer 0x148048000 (34 bytes)
1720878665.486247 sending message 105 to peer 0x148048000 (35 bytes)
1720878665.486253 sending message 105 to peer 0x148048000 (12 bytes)
1720878665.486258 sending message 105 to peer 0x148048000 (22 bytes)
1720878665.486263 sending message 105 to peer 0x148048000 (32 bytes)
1720878665.486268 sending message 105 to peer 0x148048000 (11 bytes)
1720878665.486273 sending message 105 to peer 0x148048000 (8 bytes)
1720878665.486278 sending message 105 to peer 0x148048000 (32 bytes)
1720878665.486283 sending message 105 to peer 0x148048000 (96 bytes)
1720878665.486288 sending message 105 to peer 0x148048000 (10 bytes)
1720878665.486292 sending message 105 to peer 0x148048000 (26 bytes)
1720878665.486297 sending message 105 to peer 0x148048000 (25 bytes)
1720878665.486302 sending message 106 to peer 0x148048000 (0 bytes)
1720878665.486358 sending message 200 to peer 0x148048000 (4 bytes)
1720878665.486365 client loop enter
1720878665.486381 client_signal: Child exited: 20
1720878665.537562 peer 0x148048000 message 207
1720878665.537572 sending message 208 to peer 0x148048000 (0 bytes)
1720878672.362734 peer 0x148048000 message 210
1720878672.362750 sending message 205 to peer 0x148048000 (0 bytes)
1720878672.363044 peer 0x148048000 message 204
1720878672.363054 client loop exit
